Using pre-set license
Built from '2020.3/staging' branch; Version is '2020.3.11f1 (99c7afb366b3) revision 10078127'; Using compiler version '192528614'; Build Type 'Release'
OS: 'Windows 10 Home; OS build 19041.1052; Version 2004; 64bit' Language: 'en' Physical Memory: 16318 MB
BatchMode: 1, IsHumanControllingUs: 0, StartBugReporterOnCrash: 0, Is64bit: 1, IsPro: 0

 COMMAND LINE ARGUMENTS:
C:\Program Files\Unity\Hub\Editor\2020.3.11f1\Editor\Unity.exe
-adb2
-batchMode
-noUpm
-name
AssetImportWorker0
-projectPath
C:/Users/serha/OneDrive/Masaüstü/GitHub/NewEraSerhan
-logFile
Logs/AssetImportWorker0.log
-srvPort
55679
Successfully changed project path to: C:/Users/serha/OneDrive/Masaüstü/GitHub/NewEraSerhan
C:/Users/serha/OneDrive/Masaüstü/GitHub/NewEraSerhan
Using Asset Import Pipeline V2.
Refreshing native plugins compatible for Editor in 29.78 ms, found 2 plugins.
Preloading 0 native plugins for Editor in 0.00 ms.
Initialize engine version: 2020.3.11f1 (99c7afb366b3)
[Subsystems] Discovering subsystems at path C:/Program Files/Unity/Hub/Editor/2020.3.11f1/Editor/Data/Resources/UnitySubsystems
[Subsystems] Discovering subsystems at path C:/Users/serha/OneDrive/Masaüstü/GitHub/NewEraSerhan/Assets
GfxDevice: creating device client; threaded=0
Direct3D:
    Version:  Direct3D 11.0 [level 11.1]
    Renderer: NVIDIA GeForce RTX 2070 SUPER (ID=0x1e84)
    Vendor:   
    VRAM:     8011 MB
    Driver:   27.21.14.6627
Initialize mono
Mono path[0] = 'C:/Program Files/Unity/Hub/Editor/2020.3.11f1/Editor/Data/Managed'
Mono path[1] = 'C:/Program Files/Unity/Hub/Editor/2020.3.11f1/Editor/Data/MonoBleedingEdge/lib/mono/unityjit'
Mono config path = 'C:/Program Files/Unity/Hub/Editor/2020.3.11f1/Editor/Data/MonoBleedingEdge/etc'
Using monoOptions --debugger-agent=transport=dt_socket,embedding=1,server=y,suspend=n,address=127.0.0.1:56752
Begin MonoManager ReloadAssembly
Registering precompiled unity dll's ...
Register platform support module: C:/Program Files/Unity/Hub/Editor/2020.3.11f1/Editor/Data/PlaybackEngines/WindowsStandaloneSupport/UnityEditor.WindowsStandalone.Extensions.dll
Registered in 0.001400 seconds.
Native extension for WindowsStandalone target not found
Refreshing native plugins compatible for Editor in 27.52 ms, found 2 plugins.
Preloading 0 native plugins for Editor in 0.00 ms.
Mono: successfully reloaded assembly
- Completed reload, in  0.939 seconds
Platform modules already initialized, skipping
Registering precompiled user dll's ...
Registered in 0.004665 seconds.
Begin MonoManager ReloadAssembly
Native extension for WindowsStandalone target not found
Refreshing native plugins compatible for Editor in 0.37 ms, found 2 plugins.
Preloading 0 native plugins for Editor in 0.00 ms.
Find all reader and writers took 117 milliseconds
Script Module: UnityEngine.UI.dll
Weave behaviours and messages took99 milliseconds
Find all reader and writers took 96 milliseconds
Script Module: UnityEngine.TestRunner.dll
Weave behaviours and messages took32 milliseconds
Find all reader and writers took 98 milliseconds
Script Module: SimpleWebTransport.dll
Weave behaviours and messages took9 milliseconds
Find all reader and writers took 99 milliseconds
Script Module: Unity.Timeline.dll
Weave behaviours and messages took40 milliseconds
Find all reader and writers took 105 milliseconds
Script Module: Cinemachine.dll
Weave behaviours and messages took61 milliseconds
Find all reader and writers took 324 milliseconds
Script Module: Unity.TextMeshPro.dll
Weave behaviours and messages took413 milliseconds
Find all reader and writers took 110 milliseconds
Script Module: kcp2k.dll
Weave behaviours and messages took6 milliseconds
Find all reader and writers took 92 milliseconds
Script Module: Telepathy.dll
Weave behaviours and messages took3 milliseconds
Find all reader and writers took 127 milliseconds
Script Module: UnityEditor.TestRunner.dll
Weave behaviours and messages took55 milliseconds
Find all reader and writers took 127 milliseconds
Script Module: UnityEditor.UI.dll
Weave behaviours and messages took14 milliseconds
Find all reader and writers took 204 milliseconds
Script Module: com.unity.cinemachine.editor.dll
Weave behaviours and messages took40 milliseconds
Find all reader and writers took 135 milliseconds
Script Module: ParrelSync.dll
Weave behaviours and messages took7 milliseconds
Find all reader and writers took 117 milliseconds
Script Module: Mirror.CompilerSymbols.dll
Weave behaviours and messages took0 milliseconds
Mono: successfully reloaded assembly
- Completed reload, in  6.422 seconds
Platform modules already initialized, skipping
========================================================================
Worker process is ready to serve import requests
Launched and connected shader compiler UnityShaderCompiler.exe after 0.04 seconds
Refreshing native plugins compatible for Editor in 0.34 ms, found 2 plugins.
Preloading 0 native plugins for Editor in 0.00 ms.
Unloading 1836 Unused Serialized files (Serialized files now loaded: 0)
System memory in use before: 82.2 MB.
System memory in use after: 82.3 MB.

Unloading 24 unused Assets to reduce memory usage. Loaded Objects now: 2268.
Total: 2.264600 ms (FindLiveObjects: 0.161600 ms CreateObjectMapping: 0.064600 ms MarkObjects: 1.978100 ms  DeleteObjects: 0.059400 ms)

========================================================================
Received Import Request.
  path: Assets/Scripts/Interfaces/Interfaces.cs
  artifactKey: Guid(04d064beb2b34424faa8b2cebf4eb11e) Importer(815301076,1909f56bfc062723c751e8b465ee728b)
Start importing Assets/Scripts/Interfaces/Interfaces.cs using Guid(04d064beb2b34424faa8b2cebf4eb11e) Importer(815301076,1909f56bfc062723c751e8b465ee728b)  -> (artifact id: 'a813409ace20d2eeb4894d95742f2e2a') in 0.021510 seconds
  Import took 0.025448 seconds .

========================================================================
Received Import Request.
  Time since last request: 83.362424 seconds.
  path: Assets/Scripts/Interfaces/Interfaces.cs
  artifactKey: Guid(04d064beb2b34424faa8b2cebf4eb11e) Importer(815301076,1909f56bfc062723c751e8b465ee728b)
Start importing Assets/Scripts/Interfaces/Interfaces.cs using Guid(04d064beb2b34424faa8b2cebf4eb11e) Importer(815301076,1909f56bfc062723c751e8b465ee728b)  -> (artifact id: '2689afb9f9bd64c6000517faf720ee93') in 0.005104 seconds
  Import took 0.009058 seconds .

========================================================================
Received Import Request.
  Time since last request: 0.001372 seconds.
  path: Assets/Scripts/Interfaces/Interfaces.cs
  artifactKey: Guid(04d064beb2b34424faa8b2cebf4eb11e) Importer(815301076,1909f56bfc062723c751e8b465ee728b)
Start importing Assets/Scripts/Interfaces/Interfaces.cs using Guid(04d064beb2b34424faa8b2cebf4eb11e) Importer(815301076,1909f56bfc062723c751e8b465ee728b)  -> (artifact id: '2689afb9f9bd64c6000517faf720ee93') in 0.001981 seconds
  Import took 0.005626 seconds .

========================================================================
Received Import Request.
  Time since last request: 5.079980 seconds.
  path: Assets/Scripts/Interfaces/Interfaces.cs
  artifactKey: Guid(04d064beb2b34424faa8b2cebf4eb11e) Importer(815301076,1909f56bfc062723c751e8b465ee728b)
Start importing Assets/Scripts/Interfaces/Interfaces.cs using Guid(04d064beb2b34424faa8b2cebf4eb11e) Importer(815301076,1909f56bfc062723c751e8b465ee728b)  -> (artifact id: '73f870ea57b4e537d87dc1394835e973') in 0.002762 seconds
  Import took 0.007065 seconds .

========================================================================
Received Import Request.
  Time since last request: 26.780750 seconds.
  path: Assets/Scripts/Interfaces/IInteractable.cs
  artifactKey: Guid(04d064beb2b34424faa8b2cebf4eb11e) Importer(815301076,1909f56bfc062723c751e8b465ee728b)
Start importing Assets/Scripts/Interfaces/IInteractable.cs using Guid(04d064beb2b34424faa8b2cebf4eb11e) Importer(815301076,1909f56bfc062723c751e8b465ee728b)  -> (artifact id: '86ac3d9249149e43dc5988edd2fd7dc6') in 0.006831 seconds
  Import took 0.013061 seconds .

========================================================================
Received Import Request.
  Time since last request: 43.206197 seconds.
  path: Assets/Scripts/Player/PlayerCollision.cs
  artifactKey: Guid(2ae9abe45e97de44e91d99117b09eacb) Importer(815301076,1909f56bfc062723c751e8b465ee728b)
Start importing Assets/Scripts/Player/PlayerCollision.cs using Guid(2ae9abe45e97de44e91d99117b09eacb) Importer(815301076,1909f56bfc062723c751e8b465ee728b)  -> (artifact id: '1bdb73fbfa0da2e3beca5f52b5bcf99b') in 0.006412 seconds
  Import took 0.011163 seconds .

========================================================================
Received Import Request.
  Time since last request: 17.053561 seconds.
  path: Assets/Scripts/Player/PlayerCollision.cs
  artifactKey: Guid(2ae9abe45e97de44e91d99117b09eacb) Importer(815301076,1909f56bfc062723c751e8b465ee728b)
Start importing Assets/Scripts/Player/PlayerCollision.cs using Guid(2ae9abe45e97de44e91d99117b09eacb) Importer(815301076,1909f56bfc062723c751e8b465ee728b)  -> (artifact id: '33b7c2d2a612fff2d961dc54eaa8ae3b') in 0.002012 seconds
  Import took 0.005947 seconds .

========================================================================
Received Import Request.
  Time since last request: 3.738169 seconds.
  path: Assets/Scripts/Player/PlayerCollision.cs
  artifactKey: Guid(2ae9abe45e97de44e91d99117b09eacb) Importer(815301076,1909f56bfc062723c751e8b465ee728b)
Start importing Assets/Scripts/Player/PlayerCollision.cs using Guid(2ae9abe45e97de44e91d99117b09eacb) Importer(815301076,1909f56bfc062723c751e8b465ee728b)  -> (artifact id: '140abec7d4e1643d2039d9012c7f1459') in 0.002203 seconds
  Import took 0.006285 seconds .

========================================================================
Received Import Request.
  Time since last request: 2.825651 seconds.
  path: Assets/Scripts/Player/PlayerCollision.cs
  artifactKey: Guid(2ae9abe45e97de44e91d99117b09eacb) Importer(815301076,1909f56bfc062723c751e8b465ee728b)
Start importing Assets/Scripts/Player/PlayerCollision.cs using Guid(2ae9abe45e97de44e91d99117b09eacb) Importer(815301076,1909f56bfc062723c751e8b465ee728b)  -> (artifact id: '0be474012822032bd4981d4959a178bd') in 0.001984 seconds
  Import took 0.006048 seconds .

========================================================================
Received Import Request.
  Time since last request: 7.307740 seconds.
  path: Assets/Scripts/Player/PlayerCollision.cs
  artifactKey: Guid(2ae9abe45e97de44e91d99117b09eacb) Importer(815301076,1909f56bfc062723c751e8b465ee728b)
Start importing Assets/Scripts/Player/PlayerCollision.cs using Guid(2ae9abe45e97de44e91d99117b09eacb) Importer(815301076,1909f56bfc062723c751e8b465ee728b)  -> (artifact id: '6015245ddf0cbedd48908b688612d495') in 0.007204 seconds
  Import took 0.011531 seconds .

========================================================================
Received Import Request.
  Time since last request: 0.018224 seconds.
  path: Assets/Scripts/Player/PlayerCollision.cs
  artifactKey: Guid(2ae9abe45e97de44e91d99117b09eacb) Importer(815301076,1909f56bfc062723c751e8b465ee728b)
Start importing Assets/Scripts/Player/PlayerCollision.cs using Guid(2ae9abe45e97de44e91d99117b09eacb) Importer(815301076,1909f56bfc062723c751e8b465ee728b)  -> (artifact id: '6015245ddf0cbedd48908b688612d495') in 0.002262 seconds
  Import took 0.006831 seconds .

========================================================================
Received Import Request.
  Time since last request: 4.291698 seconds.
  path: Assets/Scripts/Player/PlayerCollision.cs
  artifactKey: Guid(2ae9abe45e97de44e91d99117b09eacb) Importer(815301076,1909f56bfc062723c751e8b465ee728b)
Start importing Assets/Scripts/Player/PlayerCollision.cs using Guid(2ae9abe45e97de44e91d99117b09eacb) Importer(815301076,1909f56bfc062723c751e8b465ee728b)  -> (artifact id: '7097318622f999b87301fb6434da2771') in 0.002491 seconds
  Import took 0.006756 seconds .

========================================================================
Received Import Request.
  Time since last request: 6.708271 seconds.
  path: Assets/Scripts/Player/PlayerCollision.cs
  artifactKey: Guid(2ae9abe45e97de44e91d99117b09eacb) Importer(815301076,1909f56bfc062723c751e8b465ee728b)
Start importing Assets/Scripts/Player/PlayerCollision.cs using Guid(2ae9abe45e97de44e91d99117b09eacb) Importer(815301076,1909f56bfc062723c751e8b465ee728b)  -> (artifact id: '468ba3167eb3b394bad3fe1801f734dd') in 0.002473 seconds
  Import took 0.006808 seconds .

========================================================================
Received Import Request.
  Time since last request: 17.464796 seconds.
  path: Assets/Scripts/Player/PlayerCollision.cs
  artifactKey: Guid(2ae9abe45e97de44e91d99117b09eacb) Importer(815301076,1909f56bfc062723c751e8b465ee728b)
Start importing Assets/Scripts/Player/PlayerCollision.cs using Guid(2ae9abe45e97de44e91d99117b09eacb) Importer(815301076,1909f56bfc062723c751e8b465ee728b)  -> (artifact id: '7eeffda666b40e48f82dd211264fe345') in 0.002159 seconds
  Import took 0.006600 seconds .

========================================================================
Received Import Request.
  Time since last request: 5.035616 seconds.
  path: Assets/Scripts/Player/PlayerCollision.cs
  artifactKey: Guid(2ae9abe45e97de44e91d99117b09eacb) Importer(815301076,1909f56bfc062723c751e8b465ee728b)
Start importing Assets/Scripts/Player/PlayerCollision.cs using Guid(2ae9abe45e97de44e91d99117b09eacb) Importer(815301076,1909f56bfc062723c751e8b465ee728b)  -> (artifact id: '470da621f2a78404055e94b444706afe') in 0.002292 seconds
  Import took 0.006869 seconds .

========================================================================
Received Import Request.
  Time since last request: 2.931655 seconds.
  path: Assets/Scripts/Player/PlayerCollision.cs
  artifactKey: Guid(2ae9abe45e97de44e91d99117b09eacb) Importer(815301076,1909f56bfc062723c751e8b465ee728b)
Start importing Assets/Scripts/Player/PlayerCollision.cs using Guid(2ae9abe45e97de44e91d99117b09eacb) Importer(815301076,1909f56bfc062723c751e8b465ee728b)  -> (artifact id: '10acc896f9032aa8cb4fa8a82cebf526') in 0.002181 seconds
  Import took 0.006829 seconds .

========================================================================
Received Import Request.
  Time since last request: 28.270817 seconds.
  path: Assets/Scripts/Player/PlayerCollision.cs
  artifactKey: Guid(2ae9abe45e97de44e91d99117b09eacb) Importer(815301076,1909f56bfc062723c751e8b465ee728b)
Start importing Assets/Scripts/Player/PlayerCollision.cs using Guid(2ae9abe45e97de44e91d99117b09eacb) Importer(815301076,1909f56bfc062723c751e8b465ee728b)  -> (artifact id: '97ba6f287a2308a1e06ad00cfb8a7fe6') in 0.002603 seconds
  Import took 0.006975 seconds .

========================================================================
Received Import Request.
  Time since last request: 12.378776 seconds.
  path: Assets/Scripts/Player/PlayerCollision.cs
  artifactKey: Guid(2ae9abe45e97de44e91d99117b09eacb) Importer(815301076,1909f56bfc062723c751e8b465ee728b)
Start importing Assets/Scripts/Player/PlayerCollision.cs using Guid(2ae9abe45e97de44e91d99117b09eacb) Importer(815301076,1909f56bfc062723c751e8b465ee728b)  -> (artifact id: '05ccbbf878c5d34f2425ae06b9bf5abd') in 0.002441 seconds
  Import took 0.006713 seconds .

========================================================================
Received Import Request.
  Time since last request: 21.696806 seconds.
  path: Assets/Scripts/Player/PlayerCollision.cs
  artifactKey: Guid(2ae9abe45e97de44e91d99117b09eacb) Importer(815301076,1909f56bfc062723c751e8b465ee728b)
Start importing Assets/Scripts/Player/PlayerCollision.cs using Guid(2ae9abe45e97de44e91d99117b09eacb) Importer(815301076,1909f56bfc062723c751e8b465ee728b)  -> (artifact id: '92806edced0d68b8f45e817c45d9098a') in 0.002001 seconds
  Import took 0.006241 seconds .

========================================================================
Received Prepare
Registering precompiled user dll's ...
Registered in 0.069554 seconds.
Begin MonoManager ReloadAssembly
Native extension for WindowsStandalone target not found
Refreshing native plugins compatible for Editor in 0.35 ms, found 2 plugins.
Preloading 0 native plugins for Editor in 0.00 ms.
Mono: successfully reloaded assembly
- Completed reload, in  0.884 seconds
Platform modules already initialized, skipping
Refreshing native plugins compatible for Editor in 0.35 ms, found 2 plugins.
Preloading 0 native plugins for Editor in 0.00 ms.
Unloading 1815 Unused Serialized files (Serialized files now loaded: 0)
System memory in use before: 80.6 MB.
System memory in use after: 80.7 MB.

Unloading 19 unused Assets to reduce memory usage. Loaded Objects now: 2272.
Total: 1.658700 ms (FindLiveObjects: 0.140200 ms CreateObjectMapping: 0.049400 ms MarkObjects: 1.452400 ms  DeleteObjects: 0.015900 ms)

========================================================================
Received Prepare
Registering precompiled user dll's ...
Registered in 0.004707 seconds.
Begin MonoManager ReloadAssembly
Native extension for WindowsStandalone target not found
Refreshing native plugins compatible for Editor in 0.35 ms, found 2 plugins.
Preloading 0 native plugins for Editor in 0.00 ms.
Mono: successfully reloaded assembly
- Completed reload, in  0.820 seconds
Platform modules already initialized, skipping
Refreshing native plugins compatible for Editor in 0.35 ms, found 2 plugins.
Preloading 0 native plugins for Editor in 0.00 ms.
Unloading 1815 Unused Serialized files (Serialized files now loaded: 0)
System memory in use before: 80.6 MB.
System memory in use after: 80.7 MB.

Unloading 19 unused Assets to reduce memory usage. Loaded Objects now: 2275.
Total: 1.653600 ms (FindLiveObjects: 0.133300 ms CreateObjectMapping: 0.044400 ms MarkObjects: 1.461800 ms  DeleteObjects: 0.013400 ms)

========================================================================
Received Import Request.
  Time since last request: 83.966654 seconds.
  path: Assets/Scripts/Player/Player.cs
  artifactKey: Guid(7c878082699ce524780180b07e9c85c7) Importer(815301076,1909f56bfc062723c751e8b465ee728b)
Start importing Assets/Scripts/Player/Player.cs using Guid(7c878082699ce524780180b07e9c85c7) Importer(815301076,1909f56bfc062723c751e8b465ee728b)  -> (artifact id: '8b40cb844b8c0809a12326e95a0fb04b') in 0.006870 seconds
  Import took 0.010497 seconds .

========================================================================
Received Import Request.
  Time since last request: 4.752735 seconds.
  path: Assets/Prefabs/Player/Player.prefab
  artifactKey: Guid(a18bc1cf93fcc1d49b63ce8f6482f29a) Importer(815301076,1909f56bfc062723c751e8b465ee728b)
Start importing Assets/Prefabs/Player/Player.prefab using Guid(a18bc1cf93fcc1d49b63ce8f6482f29a) Importer(815301076,1909f56bfc062723c751e8b465ee728b)  -> (artifact id: 'eb8173623055fd61fb34415fdce6b0b2') in 0.208341 seconds
  Import took 0.213207 seconds .

========================================================================
Received Import Request.
  Time since last request: 2.390177 seconds.
  path: Assets/Prefabs/Player/Player.prefab
  artifactKey: Guid(a18bc1cf93fcc1d49b63ce8f6482f29a) Importer(815301076,1909f56bfc062723c751e8b465ee728b)
Start importing Assets/Prefabs/Player/Player.prefab using Guid(a18bc1cf93fcc1d49b63ce8f6482f29a) Importer(815301076,1909f56bfc062723c751e8b465ee728b)  -> (artifact id: '787836d563b4b50fc3ac0cd8c9dd6c70') in 0.026695 seconds
  Import took 0.031611 seconds .

========================================================================
Received Prepare
Registering precompiled user dll's ...
Registered in 0.004717 seconds.
Begin MonoManager ReloadAssembly
Native extension for WindowsStandalone target not found
Refreshing native plugins compatible for Editor in 0.41 ms, found 2 plugins.
Preloading 0 native plugins for Editor in 0.00 ms.
Mono: successfully reloaded assembly
- Completed reload, in  0.852 seconds
Platform modules already initialized, skipping
Refreshing native plugins compatible for Editor in 0.35 ms, found 2 plugins.
Preloading 0 native plugins for Editor in 0.00 ms.
Unloading 1815 Unused Serialized files (Serialized files now loaded: 0)
System memory in use before: 97.4 MB.
System memory in use after: 97.5 MB.

Unloading 19 unused Assets to reduce memory usage. Loaded Objects now: 2286.
Total: 1.611800 ms (FindLiveObjects: 0.140000 ms CreateObjectMapping: 0.050100 ms MarkObjects: 1.408200 ms  DeleteObjects: 0.012800 ms)

========================================================================
Received Import Request.
  Time since last request: 495.440251 seconds.
  path: Assets/Prefabs/Player/Player.prefab
  artifactKey: Guid(a18bc1cf93fcc1d49b63ce8f6482f29a) Importer(815301076,1909f56bfc062723c751e8b465ee728b)
Start importing Assets/Prefabs/Player/Player.prefab using Guid(a18bc1cf93fcc1d49b63ce8f6482f29a) Importer(815301076,1909f56bfc062723c751e8b465ee728b)  -> (artifact id: 'a7260e7e0a847110e5505b4bf4e6a078') in 0.081959 seconds
  Import took 0.087096 seconds .

========================================================================
Received Import Request.
  Time since last request: 4.821347 seconds.
  path: Assets/Prefabs/Player/Player.prefab
  artifactKey: Guid(a18bc1cf93fcc1d49b63ce8f6482f29a) Importer(815301076,1909f56bfc062723c751e8b465ee728b)
Start importing Assets/Prefabs/Player/Player.prefab using Guid(a18bc1cf93fcc1d49b63ce8f6482f29a) Importer(815301076,1909f56bfc062723c751e8b465ee728b)  -> (artifact id: '15dee743d19e5f481f726a80e17373ab') in 0.029582 seconds
  Import took 0.034535 seconds .

========================================================================
Received Prepare
Registering precompiled user dll's ...
Registered in 0.004534 seconds.
Begin MonoManager ReloadAssembly
Native extension for WindowsStandalone target not found
Refreshing native plugins compatible for Editor in 0.37 ms, found 2 plugins.
Preloading 0 native plugins for Editor in 0.00 ms.
Mono: successfully reloaded assembly
- Completed reload, in  0.918 seconds
Platform modules already initialized, skipping
Refreshing native plugins compatible for Editor in 0.38 ms, found 2 plugins.
Preloading 0 native plugins for Editor in 0.00 ms.
Unloading 1815 Unused Serialized files (Serialized files now loaded: 0)
System memory in use before: 97.4 MB.
System memory in use after: 97.5 MB.

Unloading 19 unused Assets to reduce memory usage. Loaded Objects now: 2290.
Total: 1.791900 ms (FindLiveObjects: 0.151600 ms CreateObjectMapping: 0.058200 ms MarkObjects: 1.564100 ms  DeleteObjects: 0.017000 ms)

========================================================================
Received Import Request.
  Time since last request: 47.613835 seconds.
  path: Assets/Scriptable Objects/Items/Randoms/Chest Of Eternity1.asset
  artifactKey: Guid(f77ced7b67de8254a9dd098657e366bf) Importer(815301076,1909f56bfc062723c751e8b465ee728b)
Start importing Assets/Scriptable Objects/Items/Randoms/Chest Of Eternity1.asset using Guid(f77ced7b67de8254a9dd098657e366bf) Importer(815301076,1909f56bfc062723c751e8b465ee728b)  -> (artifact id: '9f7be063bcc140ab1d8589f81bba2e3d') in 0.040056 seconds
  Import took 0.044913 seconds .

========================================================================
Received Prepare
Registering precompiled user dll's ...
Registered in 0.004444 seconds.
Begin MonoManager ReloadAssembly
Native extension for WindowsStandalone target not found
Refreshing native plugins compatible for Editor in 0.39 ms, found 2 plugins.
Preloading 0 native plugins for Editor in 0.00 ms.
Mono: successfully reloaded assembly
- Completed reload, in  0.849 seconds
Platform modules already initialized, skipping
Refreshing native plugins compatible for Editor in 0.38 ms, found 2 plugins.
Preloading 0 native plugins for Editor in 0.00 ms.
Unloading 1815 Unused Serialized files (Serialized files now loaded: 0)
System memory in use before: 97.4 MB.
System memory in use after: 97.5 MB.

Unloading 19 unused Assets to reduce memory usage. Loaded Objects now: 2293.
Total: 1.827600 ms (FindLiveObjects: 0.167300 ms CreateObjectMapping: 0.053000 ms MarkObjects: 1.589500 ms  DeleteObjects: 0.016900 ms)

========================================================================
Received Import Request.
  Time since last request: 621.560894 seconds.
  path: Assets/Resources
  artifactKey: Guid(8980bd7608801de4b91795e3c4ca09ab) Importer(815301076,1909f56bfc062723c751e8b465ee728b)
Start importing Assets/Resources using Guid(8980bd7608801de4b91795e3c4ca09ab) Importer(815301076,1909f56bfc062723c751e8b465ee728b)  -> (artifact id: 'b88bb2d0b747381f35791b0f50bda948') in 0.007714 seconds
  Import took 0.011480 seconds .

========================================================================
Received Import Request.
  Time since last request: 0.002169 seconds.
  path: Assets/Resources
  artifactKey: Guid(8980bd7608801de4b91795e3c4ca09ab) Importer(815301076,1909f56bfc062723c751e8b465ee728b)
Start importing Assets/Resources using Guid(8980bd7608801de4b91795e3c4ca09ab) Importer(815301076,1909f56bfc062723c751e8b465ee728b)  -> (artifact id: 'b88bb2d0b747381f35791b0f50bda948') in 0.001814 seconds
  Import took 0.005478 seconds .

========================================================================
Received Prepare
Registering precompiled user dll's ...
Registered in 0.004331 seconds.
Begin MonoManager ReloadAssembly
Native extension for WindowsStandalone target not found
Refreshing native plugins compatible for Editor in 0.36 ms, found 2 plugins.
Preloading 0 native plugins for Editor in 0.00 ms.
Mono: successfully reloaded assembly
- Completed reload, in  0.801 seconds
Platform modules already initialized, skipping
Refreshing native plugins compatible for Editor in 0.34 ms, found 2 plugins.
Preloading 0 native plugins for Editor in 0.00 ms.
Unloading 1815 Unused Serialized files (Serialized files now loaded: 0)
System memory in use before: 97.4 MB.
System memory in use after: 97.5 MB.

Unloading 19 unused Assets to reduce memory usage. Loaded Objects now: 2296.
Total: 1.703900 ms (FindLiveObjects: 0.137500 ms CreateObjectMapping: 0.045400 ms MarkObjects: 1.505400 ms  DeleteObjects: 0.014800 ms)

========================================================================
Received Prepare
Registering precompiled user dll's ...
Registered in 0.004669 seconds.
Begin MonoManager ReloadAssembly
Native extension for WindowsStandalone target not found
Refreshing native plugins compatible for Editor in 0.38 ms, found 2 plugins.
Preloading 0 native plugins for Editor in 0.00 ms.
Mono: successfully reloaded assembly
- Completed reload, in  0.862 seconds
Platform modules already initialized, skipping
Refreshing native plugins compatible for Editor in 0.40 ms, found 2 plugins.
Preloading 0 native plugins for Editor in 0.00 ms.
Unloading 1815 Unused Serialized files (Serialized files now loaded: 0)
System memory in use before: 97.4 MB.
System memory in use after: 97.5 MB.

Unloading 19 unused Assets to reduce memory usage. Loaded Objects now: 2299.
Total: 1.784400 ms (FindLiveObjects: 0.178400 ms CreateObjectMapping: 0.078800 ms MarkObjects: 1.510400 ms  DeleteObjects: 0.015600 ms)

========================================================================
Received Prepare
Registering precompiled user dll's ...
Registered in 0.004823 seconds.
Begin MonoManager ReloadAssembly
Native extension for WindowsStandalone target not found
Refreshing native plugins compatible for Editor in 0.35 ms, found 2 plugins.
Preloading 0 native plugins for Editor in 0.00 ms.
Mono: successfully reloaded assembly
- Completed reload, in  0.804 seconds
Platform modules already initialized, skipping
Refreshing native plugins compatible for Editor in 0.34 ms, found 2 plugins.
Preloading 0 native plugins for Editor in 0.00 ms.
Unloading 1815 Unused Serialized files (Serialized files now loaded: 0)
System memory in use before: 97.4 MB.
System memory in use after: 97.5 MB.

Unloading 19 unused Assets to reduce memory usage. Loaded Objects now: 2302.
Total: 1.582400 ms (FindLiveObjects: 0.135800 ms CreateObjectMapping: 0.045900 ms MarkObjects: 1.387500 ms  DeleteObjects: 0.012500 ms)

========================================================================
Received Prepare
Registering precompiled user dll's ...
Registered in 0.004474 seconds.
Begin MonoManager ReloadAssembly
Native extension for WindowsStandalone target not found
Refreshing native plugins compatible for Editor in 0.40 ms, found 2 plugins.
Preloading 0 native plugins for Editor in 0.00 ms.
Mono: successfully reloaded assembly
- Completed reload, in  0.867 seconds
Platform modules already initialized, skipping
Refreshing native plugins compatible for Editor in 0.38 ms, found 2 plugins.
Preloading 0 native plugins for Editor in 0.00 ms.
Unloading 1815 Unused Serialized files (Serialized files now loaded: 0)
System memory in use before: 97.4 MB.
System memory in use after: 97.5 MB.

Unloading 19 unused Assets to reduce memory usage. Loaded Objects now: 2305.
Total: 1.793600 ms (FindLiveObjects: 0.162400 ms CreateObjectMapping: 0.057900 ms MarkObjects: 1.557400 ms  DeleteObjects: 0.014800 ms)

========================================================================
Received Prepare
Registering precompiled user dll's ...
Registered in 0.004857 seconds.
Begin MonoManager ReloadAssembly
Native extension for WindowsStandalone target not found
Refreshing native plugins compatible for Editor in 0.35 ms, found 2 plugins.
Preloading 0 native plugins for Editor in 0.00 ms.
Mono: successfully reloaded assembly
- Completed reload, in  0.795 seconds
Platform modules already initialized, skipping
Refreshing native plugins compatible for Editor in 0.35 ms, found 2 plugins.
Preloading 0 native plugins for Editor in 0.00 ms.
Unloading 1815 Unused Serialized files (Serialized files now loaded: 0)
System memory in use before: 97.4 MB.
System memory in use after: 97.5 MB.

Unloading 19 unused Assets to reduce memory usage. Loaded Objects now: 2308.
Total: 1.679600 ms (FindLiveObjects: 0.136300 ms CreateObjectMapping: 0.048000 ms MarkObjects: 1.480000 ms  DeleteObjects: 0.014800 ms)

========================================================================
Received Prepare
Registering precompiled user dll's ...
Registered in 0.005183 seconds.
Begin MonoManager ReloadAssembly
Native extension for WindowsStandalone target not found
Refreshing native plugins compatible for Editor in 0.46 ms, found 2 plugins.
Preloading 0 native plugins for Editor in 0.00 ms.
Mono: successfully reloaded assembly
- Completed reload, in  0.875 seconds
Platform modules already initialized, skipping
Refreshing native plugins compatible for Editor in 0.43 ms, found 2 plugins.
Preloading 0 native plugins for Editor in 0.00 ms.
Unloading 1815 Unused Serialized files (Serialized files now loaded: 0)
System memory in use before: 97.4 MB.
System memory in use after: 97.5 MB.

Unloading 19 unused Assets to reduce memory usage. Loaded Objects now: 2311.
Total: 2.048700 ms (FindLiveObjects: 0.193800 ms CreateObjectMapping: 0.069900 ms MarkObjects: 1.763600 ms  DeleteObjects: 0.020000 ms)

========================================================================
Received Import Request.
  Time since last request: 226.150461 seconds.
  path: Assets/Resources/Inventories/Player2Inventory.asset
  artifactKey: Guid(2251a09933f598e4facc219e7790b582) Importer(815301076,1909f56bfc062723c751e8b465ee728b)
Start importing Assets/Resources/Inventories/Player2Inventory.asset using Guid(2251a09933f598e4facc219e7790b582) Importer(815301076,1909f56bfc062723c751e8b465ee728b)  -> (artifact id: 'ac289736d9cf76d38df836895fcf93a2') in 0.024829 seconds
  Import took 0.029026 seconds .

========================================================================
Received Import Request.
  Time since last request: 0.016487 seconds.
  path: Assets/Resources/Inventories/Player2Inventory.asset
  artifactKey: Guid(2251a09933f598e4facc219e7790b582) Importer(815301076,1909f56bfc062723c751e8b465ee728b)
Start importing Assets/Resources/Inventories/Player2Inventory.asset using Guid(2251a09933f598e4facc219e7790b582) Importer(815301076,1909f56bfc062723c751e8b465ee728b)  -> (artifact id: 'ac289736d9cf76d38df836895fcf93a2') in 0.002220 seconds
  Import took 0.006153 seconds .

========================================================================
Received Import Request.
  Time since last request: 36.327582 seconds.
  path: Assets/Resources/Items
  artifactKey: Guid(2f0b8603645942447acb308c182c7a58) Importer(815301076,1909f56bfc062723c751e8b465ee728b)
Start importing Assets/Resources/Items using Guid(2f0b8603645942447acb308c182c7a58) Importer(815301076,1909f56bfc062723c751e8b465ee728b)  -> (artifact id: '132bd220e41adc0290cbee99f5025aff') in 0.005113 seconds
  Import took 0.009247 seconds .

========================================================================
Received Import Request.
  Time since last request: 0.000850 seconds.
  path: Assets/Resources/Items
  artifactKey: Guid(2f0b8603645942447acb308c182c7a58) Importer(815301076,1909f56bfc062723c751e8b465ee728b)
Start importing Assets/Resources/Items using Guid(2f0b8603645942447acb308c182c7a58) Importer(815301076,1909f56bfc062723c751e8b465ee728b)  -> (artifact id: '132bd220e41adc0290cbee99f5025aff') in 0.001989 seconds
  Import took 0.006854 seconds .

========================================================================
Received Import Request.
  Time since last request: 7.553877 seconds.
  path: Assets/Resources/Items/Equipments
  artifactKey: Guid(98da4c2878df34f419b475aafeab0a5a) Importer(815301076,1909f56bfc062723c751e8b465ee728b)
Start importing Assets/Resources/Items/Equipments using Guid(98da4c2878df34f419b475aafeab0a5a) Importer(815301076,1909f56bfc062723c751e8b465ee728b)  -> (artifact id: 'd27b8c767d4e6bab4e461149d7c575d5') in 0.006032 seconds
  Import took 0.010893 seconds .

========================================================================
Received Import Request.
  Time since last request: 10.115818 seconds.
  path: Assets/Resources/Items/Equipments/Chests
  artifactKey: Guid(760647a291c64dd40a4283e70e4dc1b2) Importer(815301076,1909f56bfc062723c751e8b465ee728b)
Start importing Assets/Resources/Items/Equipments/Chests using Guid(760647a291c64dd40a4283e70e4dc1b2) Importer(815301076,1909f56bfc062723c751e8b465ee728b)  -> (artifact id: '863887dbbb146021e158a2f4af1513b3') in 0.005340 seconds
  Import took 0.010344 seconds .

========================================================================
Received Import Request.
  Time since last request: 34.384188 seconds.
  path: Assets/Resources/Items/Randoms/Chest Of Eternity1.asset
  artifactKey: Guid(20c51054f343ed148b736bcb5081db87) Importer(815301076,1909f56bfc062723c751e8b465ee728b)
Start importing Assets/Resources/Items/Randoms/Chest Of Eternity1.asset using Guid(20c51054f343ed148b736bcb5081db87) Importer(815301076,1909f56bfc062723c751e8b465ee728b)  -> (artifact id: '291c28cc52d8fb6845dac59bf10c5424') in 0.004697 seconds
  Import took 0.009098 seconds .

========================================================================
Received Prepare
Registering precompiled user dll's ...
Registered in 0.005060 seconds.
Begin MonoManager ReloadAssembly
Native extension for WindowsStandalone target not found
Refreshing native plugins compatible for Editor in 0.43 ms, found 2 plugins.
Preloading 0 native plugins for Editor in 0.00 ms.
Mono: successfully reloaded assembly
- Completed reload, in  0.859 seconds
Platform modules already initialized, skipping
Refreshing native plugins compatible for Editor in 0.39 ms, found 2 plugins.
Preloading 0 native plugins for Editor in 0.00 ms.
Unloading 1815 Unused Serialized files (Serialized files now loaded: 0)
System memory in use before: 97.4 MB.
System memory in use after: 97.6 MB.

Unloading 19 unused Assets to reduce memory usage. Loaded Objects now: 2314.
Total: 1.847300 ms (FindLiveObjects: 0.156900 ms CreateObjectMapping: 0.063600 ms MarkObjects: 1.609700 ms  DeleteObjects: 0.016400 ms)

========================================================================
Received Prepare
Registering precompiled user dll's ...
Registered in 0.004390 seconds.
Begin MonoManager ReloadAssembly
Native extension for WindowsStandalone target not found
Refreshing native plugins compatible for Editor in 0.35 ms, found 2 plugins.
Preloading 0 native plugins for Editor in 0.00 ms.
Mono: successfully reloaded assembly
- Completed reload, in  0.837 seconds
Platform modules already initialized, skipping
Refreshing native plugins compatible for Editor in 0.35 ms, found 2 plugins.
Preloading 0 native plugins for Editor in 0.00 ms.
Unloading 1815 Unused Serialized files (Serialized files now loaded: 0)
System memory in use before: 97.4 MB.
System memory in use after: 97.6 MB.

Unloading 19 unused Assets to reduce memory usage. Loaded Objects now: 2317.
Total: 1.669000 ms (FindLiveObjects: 0.143900 ms CreateObjectMapping: 0.047000 ms MarkObjects: 1.463600 ms  DeleteObjects: 0.013500 ms)

========================================================================
Received Prepare
Registering precompiled user dll's ...
Registered in 0.007371 seconds.
Begin MonoManager ReloadAssembly
Native extension for WindowsStandalone target not found
Refreshing native plugins compatible for Editor in 0.34 ms, found 2 plugins.
Preloading 0 native plugins for Editor in 0.00 ms.
Mono: successfully reloaded assembly
- Completed reload, in  0.784 seconds
Platform modules already initialized, skipping
Refreshing native plugins compatible for Editor in 0.35 ms, found 2 plugins.
Preloading 0 native plugins for Editor in 0.00 ms.
Unloading 1815 Unused Serialized files (Serialized files now loaded: 0)
System memory in use before: 97.4 MB.
System memory in use after: 97.6 MB.

Unloading 19 unused Assets to reduce memory usage. Loaded Objects now: 2320.
Total: 1.659200 ms (FindLiveObjects: 0.137600 ms CreateObjectMapping: 0.043900 ms MarkObjects: 1.463300 ms  DeleteObjects: 0.013600 ms)

========================================================================
Received Prepare
Registering precompiled user dll's ...
Registered in 0.004531 seconds.
Begin MonoManager ReloadAssembly
Native extension for WindowsStandalone target not found
Refreshing native plugins compatible for Editor in 0.35 ms, found 2 plugins.
Preloading 0 native plugins for Editor in 0.00 ms.
Mono: successfully reloaded assembly
- Completed reload, in  0.782 seconds
Platform modules already initialized, skipping
Refreshing native plugins compatible for Editor in 0.35 ms, found 2 plugins.
Preloading 0 native plugins for Editor in 0.00 ms.
Unloading 1815 Unused Serialized files (Serialized files now loaded: 0)
System memory in use before: 97.5 MB.
System memory in use after: 97.6 MB.

Unloading 19 unused Assets to reduce memory usage. Loaded Objects now: 2323.
Total: 1.627000 ms (FindLiveObjects: 0.142900 ms CreateObjectMapping: 0.049500 ms MarkObjects: 1.421000 ms  DeleteObjects: 0.013100 ms)

========================================================================
Received Prepare
Registering precompiled user dll's ...
Registered in 0.004322 seconds.
Begin MonoManager ReloadAssembly
Native extension for WindowsStandalone target not found
Refreshing native plugins compatible for Editor in 0.35 ms, found 2 plugins.
Preloading 0 native plugins for Editor in 0.00 ms.
Mono: successfully reloaded assembly
- Completed reload, in  0.797 seconds
Platform modules already initialized, skipping
Refreshing native plugins compatible for Editor in 0.34 ms, found 2 plugins.
Preloading 0 native plugins for Editor in 0.00 ms.
Unloading 1815 Unused Serialized files (Serialized files now loaded: 0)
System memory in use before: 97.5 MB.
System memory in use after: 97.6 MB.

Unloading 19 unused Assets to reduce memory usage. Loaded Objects now: 2326.
Total: 1.596900 ms (FindLiveObjects: 0.134100 ms CreateObjectMapping: 0.045700 ms MarkObjects: 1.403400 ms  DeleteObjects: 0.012900 ms)

========================================================================
Received Prepare
Registering precompiled user dll's ...
Registered in 0.004489 seconds.
Begin MonoManager ReloadAssembly
Native extension for WindowsStandalone target not found
Refreshing native plugins compatible for Editor in 0.37 ms, found 2 plugins.
Preloading 0 native plugins for Editor in 0.00 ms.
Mono: successfully reloaded assembly
- Completed reload, in  0.866 seconds
Platform modules already initialized, skipping
Refreshing native plugins compatible for Editor in 0.40 ms, found 2 plugins.
Preloading 0 native plugins for Editor in 0.00 ms.
Unloading 1815 Unused Serialized files (Serialized files now loaded: 0)
System memory in use before: 97.5 MB.
System memory in use after: 97.6 MB.

Unloading 19 unused Assets to reduce memory usage. Loaded Objects now: 2329.
Total: 1.999100 ms (FindLiveObjects: 0.148600 ms CreateObjectMapping: 0.053900 ms MarkObjects: 1.780100 ms  DeleteObjects: 0.015500 ms)

========================================================================
Received Prepare
Registering precompiled user dll's ...
Registered in 0.004756 seconds.
Begin MonoManager ReloadAssembly
Native extension for WindowsStandalone target not found
Refreshing native plugins compatible for Editor in 0.37 ms, found 2 plugins.
Preloading 0 native plugins for Editor in 0.00 ms.
Mono: successfully reloaded assembly
- Completed reload, in  0.874 seconds
Platform modules already initialized, skipping
Refreshing native plugins compatible for Editor in 0.39 ms, found 2 plugins.
Preloading 0 native plugins for Editor in 0.00 ms.
Unloading 1815 Unused Serialized files (Serialized files now loaded: 0)
System memory in use before: 97.5 MB.
System memory in use after: 97.6 MB.

Unloading 19 unused Assets to reduce memory usage. Loaded Objects now: 2332.
Total: 2.113600 ms (FindLiveObjects: 0.151900 ms CreateObjectMapping: 0.050200 ms MarkObjects: 1.888400 ms  DeleteObjects: 0.021700 ms)

========================================================================
Received Prepare
Registering precompiled user dll's ...
Registered in 0.004467 seconds.
Begin MonoManager ReloadAssembly
Native extension for WindowsStandalone target not found
Refreshing native plugins compatible for Editor in 0.35 ms, found 2 plugins.
Preloading 0 native plugins for Editor in 0.00 ms.
Mono: successfully reloaded assembly
- Completed reload, in  0.812 seconds
Platform modules already initialized, skipping
Refreshing native plugins compatible for Editor in 0.35 ms, found 2 plugins.
Preloading 0 native plugins for Editor in 0.00 ms.
Unloading 1815 Unused Serialized files (Serialized files now loaded: 0)
System memory in use before: 97.5 MB.
System memory in use after: 97.6 MB.

Unloading 19 unused Assets to reduce memory usage. Loaded Objects now: 2335.
Total: 1.598800 ms (FindLiveObjects: 0.141300 ms CreateObjectMapping: 0.048800 ms MarkObjects: 1.394400 ms  DeleteObjects: 0.013600 ms)

========================================================================
Received Prepare
Registering precompiled user dll's ...
Registered in 0.004461 seconds.
Begin MonoManager ReloadAssembly
Native extension for WindowsStandalone target not found
Refreshing native plugins compatible for Editor in 0.43 ms, found 2 plugins.
Preloading 0 native plugins for Editor in 0.00 ms.
Mono: successfully reloaded assembly
- Completed reload, in  0.854 seconds
Platform modules already initialized, skipping
Refreshing native plugins compatible for Editor in 0.41 ms, found 2 plugins.
Preloading 0 native plugins for Editor in 0.00 ms.
Unloading 1815 Unused Serialized files (Serialized files now loaded: 0)
System memory in use before: 97.5 MB.
System memory in use after: 97.6 MB.

Unloading 19 unused Assets to reduce memory usage. Loaded Objects now: 2338.
Total: 1.894600 ms (FindLiveObjects: 0.168200 ms CreateObjectMapping: 0.053700 ms MarkObjects: 1.650600 ms  DeleteObjects: 0.020600 ms)

========================================================================
Received Import Request.
  Time since last request: 4533.101842 seconds.
  path: Assets/Resources/Inventories/Inventory Object.asset
  artifactKey: Guid(e91cd81d9797f6b40907c6067b38ff14) Importer(815301076,1909f56bfc062723c751e8b465ee728b)
Start importing Assets/Resources/Inventories/Inventory Object.asset using Guid(e91cd81d9797f6b40907c6067b38ff14) Importer(815301076,1909f56bfc062723c751e8b465ee728b)  -> (artifact id: 'e94d946ba77b0fce49b95cd035c22dde') in 0.033623 seconds
  Import took 0.038036 seconds .

========================================================================
Received Import Request.
  Time since last request: 24.773979 seconds.
  path: Assets/Resources/Inventories/Inventory Scriptable Object.asset
  artifactKey: Guid(e91cd81d9797f6b40907c6067b38ff14) Importer(815301076,1909f56bfc062723c751e8b465ee728b)
Start importing Assets/Resources/Inventories/Inventory Scriptable Object.asset using Guid(e91cd81d9797f6b40907c6067b38ff14) Importer(815301076,1909f56bfc062723c751e8b465ee728b)  -> (artifact id: '8f2d6c9018d4083f09e47670ad138af9') in 0.006418 seconds
  Import took 0.010550 seconds .

========================================================================
Received Prepare
Registering precompiled user dll's ...
Registered in 0.004750 seconds.
Begin MonoManager ReloadAssembly
Native extension for WindowsStandalone target not found
Refreshing native plugins compatible for Editor in 0.35 ms, found 2 plugins.
Preloading 0 native plugins for Editor in 0.00 ms.
Mono: successfully reloaded assembly
- Completed reload, in  0.822 seconds
Platform modules already initialized, skipping
Refreshing native plugins compatible for Editor in 0.42 ms, found 2 plugins.
Preloading 0 native plugins for Editor in 0.00 ms.
Unloading 1815 Unused Serialized files (Serialized files now loaded: 0)
System memory in use before: 97.5 MB.
System memory in use after: 97.6 MB.

Unloading 19 unused Assets to reduce memory usage. Loaded Objects now: 2341.
Total: 1.693000 ms (FindLiveObjects: 0.188100 ms CreateObjectMapping: 0.058100 ms MarkObjects: 1.432400 ms  DeleteObjects: 0.013600 ms)

========================================================================
Received Prepare
Registering precompiled user dll's ...
Registered in 0.004518 seconds.
Begin MonoManager ReloadAssembly
Native extension for WindowsStandalone target not found
Refreshing native plugins compatible for Editor in 0.40 ms, found 2 plugins.
Preloading 0 native plugins for Editor in 0.00 ms.
Mono: successfully reloaded assembly
- Completed reload, in  0.886 seconds
Platform modules already initialized, skipping
Refreshing native plugins compatible for Editor in 0.36 ms, found 2 plugins.
Preloading 0 native plugins for Editor in 0.00 ms.
Unloading 1815 Unused Serialized files (Serialized files now loaded: 0)
System memory in use before: 97.5 MB.
System memory in use after: 97.6 MB.

Unloading 19 unused Assets to reduce memory usage. Loaded Objects now: 2344.
Total: 1.886600 ms (FindLiveObjects: 0.157100 ms CreateObjectMapping: 0.053500 ms MarkObjects: 1.659400 ms  DeleteObjects: 0.015800 ms)

========================================================================
Received Prepare
Registering precompiled user dll's ...
Registered in 0.004773 seconds.
Begin MonoManager ReloadAssembly
Native extension for WindowsStandalone target not found
Refreshing native plugins compatible for Editor in 0.35 ms, found 2 plugins.
Preloading 0 native plugins for Editor in 0.00 ms.
Mono: successfully reloaded assembly
- Completed reload, in  0.813 seconds
Platform modules already initialized, skipping
Refreshing native plugins compatible for Editor in 0.35 ms, found 2 plugins.
Preloading 0 native plugins for Editor in 0.00 ms.
Unloading 1815 Unused Serialized files (Serialized files now loaded: 0)
System memory in use before: 97.5 MB.
System memory in use after: 97.6 MB.

Unloading 19 unused Assets to reduce memory usage. Loaded Objects now: 2347.
Total: 1.643000 ms (FindLiveObjects: 0.161100 ms CreateObjectMapping: 0.054400 ms MarkObjects: 1.413300 ms  DeleteObjects: 0.013300 ms)

========================================================================
Received Prepare
Registering precompiled user dll's ...
Registered in 0.004403 seconds.
Begin MonoManager ReloadAssembly
Native extension for WindowsStandalone target not found
Refreshing native plugins compatible for Editor in 0.35 ms, found 2 plugins.
Preloading 0 native plugins for Editor in 0.00 ms.
Mono: successfully reloaded assembly
- Completed reload, in  0.810 seconds
Platform modules already initialized, skipping
Refreshing native plugins compatible for Editor in 0.35 ms, found 2 plugins.
Preloading 0 native plugins for Editor in 0.00 ms.
Unloading 1815 Unused Serialized files (Serialized files now loaded: 0)
System memory in use before: 97.5 MB.
System memory in use after: 97.6 MB.

Unloading 19 unused Assets to reduce memory usage. Loaded Objects now: 2350.
Total: 1.653500 ms (FindLiveObjects: 0.139500 ms CreateObjectMapping: 0.044900 ms MarkObjects: 1.454800 ms  DeleteObjects: 0.013700 ms)

========================================================================
Received Prepare
Registering precompiled user dll's ...
Registered in 0.004630 seconds.
Begin MonoManager ReloadAssembly
Native extension for WindowsStandalone target not found
Refreshing native plugins compatible for Editor in 0.35 ms, found 2 plugins.
Preloading 0 native plugins for Editor in 0.00 ms.
Mono: successfully reloaded assembly
- Completed reload, in  0.850 seconds
Platform modules already initialized, skipping
Refreshing native plugins compatible for Editor in 0.36 ms, found 2 plugins.
Preloading 0 native plugins for Editor in 0.00 ms.
Unloading 1815 Unused Serialized files (Serialized files now loaded: 0)
System memory in use before: 97.5 MB.
System memory in use after: 97.6 MB.

Unloading 19 unused Assets to reduce memory usage. Loaded Objects now: 2353.
Total: 1.853900 ms (FindLiveObjects: 0.149100 ms CreateObjectMapping: 0.044900 ms MarkObjects: 1.642300 ms  DeleteObjects: 0.016100 ms)

========================================================================
Received Prepare
Registering precompiled user dll's ...
Registered in 0.004333 seconds.
Begin MonoManager ReloadAssembly
Native extension for WindowsStandalone target not found
Refreshing native plugins compatible for Editor in 0.35 ms, found 2 plugins.
Preloading 0 native plugins for Editor in 0.00 ms.
Mono: successfully reloaded assembly
- Completed reload, in  0.794 seconds
Platform modules already initialized, skipping
Refreshing native plugins compatible for Editor in 0.36 ms, found 2 plugins.
Preloading 0 native plugins for Editor in 0.00 ms.
Unloading 1815 Unused Serialized files (Serialized files now loaded: 0)
System memory in use before: 97.5 MB.
System memory in use after: 97.6 MB.

Unloading 19 unused Assets to reduce memory usage. Loaded Objects now: 2356.
Total: 1.915700 ms (FindLiveObjects: 0.140700 ms CreateObjectMapping: 0.046200 ms MarkObjects: 1.712900 ms  DeleteObjects: 0.015100 ms)

========================================================================
Received Prepare
Registering precompiled user dll's ...
Registered in 0.004333 seconds.
Begin MonoManager ReloadAssembly
Native extension for WindowsStandalone target not found
Refreshing native plugins compatible for Editor in 0.36 ms, found 2 plugins.
Preloading 0 native plugins for Editor in 0.00 ms.
Mono: successfully reloaded assembly
- Completed reload, in  0.839 seconds
Platform modules already initialized, skipping
Refreshing native plugins compatible for Editor in 0.36 ms, found 2 plugins.
Preloading 0 native plugins for Editor in 0.00 ms.
Unloading 1815 Unused Serialized files (Serialized files now loaded: 0)
System memory in use before: 97.5 MB.
System memory in use after: 97.6 MB.

Unloading 19 unused Assets to reduce memory usage. Loaded Objects now: 2359.
Total: 1.826700 ms (FindLiveObjects: 0.190600 ms CreateObjectMapping: 0.065500 ms MarkObjects: 1.554500 ms  DeleteObjects: 0.015200 ms)

========================================================================
Received Prepare
Refreshing native plugins compatible for Editor in 4.13 ms, found 2 plugins.
Preloading 0 native plugins for Editor in 0.00 ms.
Unloading 16 Unused Serialized files (Serialized files now loaded: 0)
System memory in use before: 61.5 MB.
System memory in use after: 61.6 MB.

Unloading 16 unused Assets to reduce memory usage. Loaded Objects now: 2359.
Total: 1.961600 ms (FindLiveObjects: 0.210200 ms CreateObjectMapping: 0.072400 ms MarkObjects: 1.662900 ms  DeleteObjects: 0.015300 ms)

========================================================================
Received Prepare
Registering precompiled user dll's ...
Registered in 0.004636 seconds.
Begin MonoManager ReloadAssembly
Native extension for WindowsStandalone target not found
Refreshing native plugins compatible for Editor in 0.41 ms, found 2 plugins.
Preloading 0 native plugins for Editor in 0.00 ms.
Mono: successfully reloaded assembly
- Completed reload, in  0.796 seconds
Platform modules already initialized, skipping
Refreshing native plugins compatible for Editor in 0.35 ms, found 2 plugins.
Preloading 0 native plugins for Editor in 0.00 ms.
Unloading 1815 Unused Serialized files (Serialized files now loaded: 0)
System memory in use before: 97.7 MB.
System memory in use after: 97.9 MB.

Unloading 19 unused Assets to reduce memory usage. Loaded Objects now: 2362.
Total: 1.927300 ms (FindLiveObjects: 0.279000 ms CreateObjectMapping: 0.059600 ms MarkObjects: 1.571400 ms  DeleteObjects: 0.016600 ms)

========================================================================
Received Prepare
Registering precompiled user dll's ...
Registered in 0.005190 seconds.
Begin MonoManager ReloadAssembly
Native extension for WindowsStandalone target not found
Refreshing native plugins compatible for Editor in 0.38 ms, found 2 plugins.
Preloading 0 native plugins for Editor in 0.00 ms.
Mono: successfully reloaded assembly
- Completed reload, in  0.852 seconds
Platform modules already initialized, skipping
Refreshing native plugins compatible for Editor in 0.37 ms, found 2 plugins.
Preloading 0 native plugins for Editor in 0.00 ms.
Unloading 1815 Unused Serialized files (Serialized files now loaded: 0)
System memory in use before: 97.7 MB.
System memory in use after: 97.9 MB.

Unloading 19 unused Assets to reduce memory usage. Loaded Objects now: 2365.
Total: 1.786500 ms (FindLiveObjects: 0.159500 ms CreateObjectMapping: 0.053200 ms MarkObjects: 1.466400 ms  DeleteObjects: 0.106600 ms)

========================================================================
Received Prepare
Registering precompiled user dll's ...
Registered in 0.004409 seconds.
Begin MonoManager ReloadAssembly
Native extension for WindowsStandalone target not found
Refreshing native plugins compatible for Editor in 0.35 ms, found 2 plugins.
Preloading 0 native plugins for Editor in 0.00 ms.
Mono: successfully reloaded assembly
- Completed reload, in  0.820 seconds
Platform modules already initialized, skipping
Refreshing native plugins compatible for Editor in 0.39 ms, found 2 plugins.
Preloading 0 native plugins for Editor in 0.00 ms.
Unloading 1815 Unused Serialized files (Serialized files now loaded: 0)
System memory in use before: 97.8 MB.
System memory in use after: 97.9 MB.

Unloading 19 unused Assets to reduce memory usage. Loaded Objects now: 2368.
Total: 1.619600 ms (FindLiveObjects: 0.137400 ms CreateObjectMapping: 0.046200 ms MarkObjects: 1.422100 ms  DeleteObjects: 0.013300 ms)

========================================================================
Received Prepare
Registering precompiled user dll's ...
Registered in 0.004689 seconds.
Begin MonoManager ReloadAssembly
Native extension for WindowsStandalone target not found
Refreshing native plugins compatible for Editor in 0.35 ms, found 2 plugins.
Preloading 0 native plugins for Editor in 0.00 ms.
Mono: successfully reloaded assembly
- Completed reload, in  0.796 seconds
Platform modules already initialized, skipping
Refreshing native plugins compatible for Editor in 0.35 ms, found 2 plugins.
Preloading 0 native plugins for Editor in 0.00 ms.
Unloading 1815 Unused Serialized files (Serialized files now loaded: 0)
System memory in use before: 97.8 MB.
System memory in use after: 97.9 MB.

Unloading 19 unused Assets to reduce memory usage. Loaded Objects now: 2371.
Total: 1.596600 ms (FindLiveObjects: 0.142200 ms CreateObjectMapping: 0.046100 ms MarkObjects: 1.392300 ms  DeleteObjects: 0.015200 ms)

========================================================================
Received Prepare
Registering precompiled user dll's ...
Registered in 0.004623 seconds.
Begin MonoManager ReloadAssembly
Native extension for WindowsStandalone target not found
Refreshing native plugins compatible for Editor in 0.35 ms, found 2 plugins.
Preloading 0 native plugins for Editor in 0.00 ms.
Mono: successfully reloaded assembly
- Completed reload, in  0.818 seconds
Platform modules already initialized, skipping
Refreshing native plugins compatible for Editor in 0.36 ms, found 2 plugins.
Preloading 0 native plugins for Editor in 0.00 ms.
Unloading 1815 Unused Serialized files (Serialized files now loaded: 0)
System memory in use before: 97.8 MB.
System memory in use after: 97.9 MB.

Unloading 19 unused Assets to reduce memory usage. Loaded Objects now: 2374.
Total: 1.850000 ms (FindLiveObjects: 0.145000 ms CreateObjectMapping: 0.049800 ms MarkObjects: 1.635400 ms  DeleteObjects: 0.019200 ms)

========================================================================
Received Prepare
Registering precompiled user dll's ...
Registered in 0.004410 seconds.
Begin MonoManager ReloadAssembly
Native extension for WindowsStandalone target not found
Refreshing native plugins compatible for Editor in 0.35 ms, found 2 plugins.
Preloading 0 native plugins for Editor in 0.00 ms.
Mono: successfully reloaded assembly
- Completed reload, in  0.792 seconds
Platform modules already initialized, skipping
Refreshing native plugins compatible for Editor in 0.36 ms, found 2 plugins.
Preloading 0 native plugins for Editor in 0.00 ms.
Unloading 1815 Unused Serialized files (Serialized files now loaded: 0)
System memory in use before: 97.8 MB.
System memory in use after: 97.9 MB.

Unloading 19 unused Assets to reduce memory usage. Loaded Objects now: 2377.
Total: 1.691000 ms (FindLiveObjects: 0.136600 ms CreateObjectMapping: 0.044400 ms MarkObjects: 1.495300 ms  DeleteObjects: 0.013800 ms)

========================================================================
Received Prepare
Registering precompiled user dll's ...
Registered in 0.004446 seconds.
Begin MonoManager ReloadAssembly
Native extension for WindowsStandalone target not found
Refreshing native plugins compatible for Editor in 0.34 ms, found 2 plugins.
Preloading 0 native plugins for Editor in 0.00 ms.
Mono: successfully reloaded assembly
- Completed reload, in  0.791 seconds
Platform modules already initialized, skipping
Refreshing native plugins compatible for Editor in 0.35 ms, found 2 plugins.
Preloading 0 native plugins for Editor in 0.00 ms.
Unloading 1815 Unused Serialized files (Serialized files now loaded: 0)
System memory in use before: 97.8 MB.
System memory in use after: 97.9 MB.

Unloading 19 unused Assets to reduce memory usage. Loaded Objects now: 2380.
Total: 1.662700 ms (FindLiveObjects: 0.140800 ms CreateObjectMapping: 0.046100 ms MarkObjects: 1.461300 ms  DeleteObjects: 0.013800 ms)

========================================================================
Received Prepare
Registering precompiled user dll's ...
Registered in 0.004313 seconds.
Begin MonoManager ReloadAssembly
Native extension for WindowsStandalone target not found
Refreshing native plugins compatible for Editor in 0.40 ms, found 2 plugins.
Preloading 0 native plugins for Editor in 0.00 ms.
Mono: successfully reloaded assembly
- Completed reload, in  0.785 seconds
Platform modules already initialized, skipping
Refreshing native plugins compatible for Editor in 0.36 ms, found 2 plugins.
Preloading 0 native plugins for Editor in 0.00 ms.
Unloading 1815 Unused Serialized files (Serialized files now loaded: 0)
System memory in use before: 97.8 MB.
System memory in use after: 97.9 MB.

Unloading 19 unused Assets to reduce memory usage. Loaded Objects now: 2383.
Total: 1.766500 ms (FindLiveObjects: 0.143800 ms CreateObjectMapping: 0.046300 ms MarkObjects: 1.561000 ms  DeleteObjects: 0.014700 ms)

AssetImportWorkerClient::OnTransportError - code=2 error=End of file
